[dev-preview.idayrus.com/index.html]
[backblue.gif]
[fade.gif]
[index.html]
[dev-preview.idayrus.com/words.js]
[dev-preview.idayrus.com/msg.js]
[dev-preview.idayrus.com/assets/tts/speakClient.js]
[dev-preview.idayrus.com/assets/js/jquery.js]
[dev-preview.idayrus.com/assets/js/socket.io.js]
[dev-preview.idayrus.com/assets/js/connection.js]
[dev-preview.idayrus.com/assets/js/app.js]
[dev-preview.idayrus.com/assets/sounds/printer_comment.mp3]
[dev-preview.idayrus.com/assets/sounds/printer_gift.mp3]
[dev-preview.idayrus.com/assets/sounds/printer_winner.mp3]
[dev-preview.idayrus.com/assets/sounds/yey.mp3]
[dev-preview.idayrus.com/assets/media/background.mp4]
[dev-preview.idayrus.com/assets/media/profile.jpg]
[dev-preview.idayrus.com/index.html]
[dev-preview.idayrus.com/assets/css/resetc619.css]
[dev-preview.idayrus.com/assets/media/printer.png]
[dev-preview.idayrus.com/assets/css/stylec619.css]
